<?xml version="1.0" encoding="UTF-8"?>
<robot rpa="false" generated="20190519 18:14:12.735" generator="Robot 3.1.1 (Python 2.7.15 on win32)">
<suite source="C:\robotFramework\scripts\pomRobotFramework\amazon.robot" id="s1" name="Amazon">
<kw type="setup" name="Inserting Testing Data" library="common">
<kw name="Log" library="BuiltIn">
<doc>Logs the given message with the given level.</doc>
<arguments>
<arg>Inserting Testing Data</arg>
</arguments>
<msg timestamp="20190519 18:14:14.118" level="INFO">Inserting Testing Data</msg>
<status status="PASS" endtime="20190519 18:14:14.119" starttime="20190519 18:14:14.117"></status>
</kw>
<status status="PASS" endtime="20190519 18:14:14.119" starttime="20190519 18:14:14.116"></status>
</kw>
<test id="s1-t1" name="Taking input from command line">
<kw type="setup" name="Begin web test" library="common">
<kw name="Open Browser" library="SeleniumLibrary">
<doc>Opens a new browser instance to the given ``url``.</doc>
<arguments>
<arg>about:blank</arg>
</arguments>
<msg timestamp="20190519 18:14:14.127" level="INFO">Opening browser 'firefox' to base url 'about:blank'.</msg>
<status status="PASS" endtime="20190519 18:14:27.223" starttime="20190519 18:14:14.125"></status>
</kw>
<status status="PASS" endtime="20190519 18:14:27.224" starttime="20190519 18:14:14.123"></status>
</kw>
<kw name="Starting web test through cmdLine Args">
<arguments>
<arg>https://www.amazon.com</arg>
<arg>ie</arg>
</arguments>
<kw name="Open Browser" library="SeleniumLibrary">
<doc>Opens a new browser instance to the given ``url``.</doc>
<arguments>
<arg>${url}</arg>
<arg>${browser}</arg>
</arguments>
<msg timestamp="20190519 18:14:27.231" level="INFO">Opening browser 'ie' to base url 'https://www.amazon.com'.</msg>
<kw name="Capture Page Screenshot" library="SeleniumLibrary">
<doc>Takes screenshot of the current page and embeds it into log file.</doc>
<msg timestamp="20190519 18:14:34.492" level="FAIL">WebDriverException: Message: Failed to decode response from marionette
</msg>
<status status="FAIL" endtime="20190519 18:14:34.492" starttime="20190519 18:14:34.078"></status>
</kw>
<msg timestamp="20190519 18:14:34.492" level="WARN">Keyword 'Capture Page Screenshot' could not be run on failure: WebDriverException: Message: Failed to decode response from marionette
</msg>
<msg timestamp="20190519 18:14:34.515" level="FAIL">SessionNotCreatedException: Message: Unexpected error launching Internet Explorer. Browser zoom level was set to 125%. It should be set to 100%
</msg>
<status status="FAIL" endtime="20190519 18:14:34.516" starttime="20190519 18:14:27.229"></status>
</kw>
<status status="FAIL" endtime="20190519 18:14:37.552" starttime="20190519 18:14:27.226"></status>
</kw>
<kw type="teardown" name="End Web Test" library="common">
<kw name="Close Browser" library="SeleniumLibrary">
<doc>Closes the current browser.</doc>
<status status="PASS" endtime="20190519 18:14:37.581" starttime="20190519 18:14:37.556"></status>
</kw>
<status status="PASS" endtime="20190519 18:14:37.581" starttime="20190519 18:14:37.554"></status>
</kw>
<tags>
<tag>Cmd</tag>
</tags>
<status status="FAIL" endtime="20190519 18:14:37.582" critical="yes" starttime="20190519 18:14:14.120">SessionNotCreatedException: Message: Unexpected error launching Internet Explorer. Browser zoom level was set to 125%. It should be set to 100%
</status>
</test>
<kw type="teardown" name="Cleanup Testing Data" library="common">
<kw name="Log" library="BuiltIn">
<doc>Logs the given message with the given level.</doc>
<arguments>
<arg>Cleanup Testing Data</arg>
</arguments>
<msg timestamp="20190519 18:14:37.595" level="INFO">Cleanup Testing Data</msg>
<status status="PASS" endtime="20190519 18:14:37.596" starttime="20190519 18:14:37.594"></status>
</kw>
<status status="PASS" endtime="20190519 18:14:37.596" starttime="20190519 18:14:37.593"></status>
</kw>
<status status="FAIL" endtime="20190519 18:14:37.596" starttime="20190519 18:14:12.745"></status>
</suite>
<statistics>
<total>
<stat fail="1" pass="0">Critical Tests</stat>
<stat fail="1" pass="0">All Tests</stat>
</total>
<tag>
<stat fail="1" pass="0">Cmd</stat>
</tag>
<suite>
<stat fail="1" id="s1" name="Amazon" pass="0">Amazon</stat>
</suite>
</statistics>
<errors>
<msg timestamp="20190519 18:14:34.492" level="WARN">Keyword 'Capture Page Screenshot' could not be run on failure: WebDriverException: Message: Failed to decode response from marionette
</msg>
</errors>
</robot>
